<?xml version="1.0" encoding="UTF-8"?>
<!-- Generated by org.testng.reporters.JUnitReportReporter -->
<testsuite hostname="LAPTOP-425OC920" failures="0" tests="2" name="com.testng.TestngAnnotation" time="0.057" errors="0" timestamp="2024-08-22T17:45:58 IST" skipped="0">
  <testcase classname="com.testng.TestngAnnotation" name="test1" time="0.006"/>
  <system-out/>
  <testcase classname="com.testng.TestngAnnotation" name="test" time="0.051"/>
  <system-out/>
</testsuite> <!-- com.testng.TestngAnnotation -->
