<?xml version="1.0" encoding="UTF-8"?>
<!-- Generated by org.testng.reporters.JUnitReportReporter -->
<testsuite hostname="LAPTOP-425OC920" failures="0" tests="3" name="com.testng.TestngWebdriver" time="6.440" errors="0" timestamp="2024-08-14T10:51:59 IST" skipped="0">
  <testcase classname="com.testng.TestngWebdriver" name="enterLogin" time="2.177"/>
  <system-out/>
  <testcase classname="com.testng.TestngWebdriver" name="enterPassword" time="2.113"/>
  <system-out/>
  <testcase classname="com.testng.TestngWebdriver" name="clickLogin" time="2.150"/>
  <system-out/>
</testsuite> <!-- com.testng.TestngWebdriver -->
