<?xml version="1.0" encoding="UTF-8"?>
<!-- Generated by org.testng.reporters.JUnitReportReporter -->
<testsuite hostname="LAPTOP-425OC920" failures="0" tests="1" name="com.testng.SwagLabLogout" time="11.510" errors="0" timestamp="2024-08-23T17:52:04 IST" skipped="0">
  <testcase classname="com.testng.SwagLabLogout" name="login1" time="11.510"/>
  <system-out/>
</testsuite> <!-- com.testng.SwagLabLogout -->
