<?xml version="1.0" encoding="UTF-8"?>
<!-- Generated by org.testng.reporters.JUnitReportReporter -->
<testsuite hostname="LAPTOP-425OC920" failures="0" tests="5" name="com.testng.TestngDepends" time="37.524" errors="0" timestamp="2024-08-21T09:54:19 IST" skipped="0">
  <testcase classname="com.testng.TestngDepends" name="after" time="3.286"/>
  <system-out/>
  <testcase classname="com.testng.TestngDepends" name="enterLogin" time="2.543"/>
  <system-out/>
  <testcase classname="com.testng.TestngDepends" name="before" time="26.888"/>
  <system-out/>
  <testcase classname="com.testng.TestngDepends" name="clickLogin" time="2.641"/>
  <system-out/>
  <testcase classname="com.testng.TestngDepends" name="enterPassword" time="2.166"/>
  <system-out/>
</testsuite> <!-- com.testng.TestngDepends -->
