<?xml version="1.0" encoding="UTF-8"?>
<!-- Generated by org.testng.reporters.JUnitReportReporter -->
<testsuite hostname="LAPTOP-425OC920" failures="0" tests="4" name="com.testng.SecondDemo" time="0.030" errors="0" timestamp="2024-08-14T10:39:57 IST" skipped="0">
  <testcase classname="com.testng.SecondDemo" name="best" time="0.023"/>
  <system-out/>
  <testcase classname="com.testng.SecondDemo" name="nest" time="0.002"/>
  <system-out/>
  <testcase classname="com.testng.SecondDemo" name="test" time="0.002"/>
  <system-out/>
  <testcase classname="com.testng.SecondDemo" name="fest" time="0.003"/>
  <system-out/>
</testsuite> <!-- com.testng.SecondDemo -->
